2023-03-28 16:24:37.752 INFO  com.example.wiki.WikiApplication                  :55   [32m                  [0;39m Starting WikiApplication using Java 1.8.0_333 on DESKTOP-VQODVT3 with PID 18588 (C:\Users\18501\IdeaProjects\wiki\target\classes started by 18501 in C:\Users\18501\IdeaProjects\wiki)
2023-03-28 16:24:37.755 INFO  com.example.wiki.WikiApplication                  :664  [32m                  [0;39m No active profile set, falling back to default profiles: default
2023-03-28 16:24:38.406 INFO  o.s.boot.web.embedded.tomcat.TomcatWebServer      :108  [32m                  [0;39m Tomcat initialized with port(s): 8080 (http)
2023-03-28 16:24:38.415 INFO  org.apache.coyote.http11.Http11NioProtocol        :173  [32m                  [0;39m Initializing ProtocolHandler ["http-nio-8080"]
2023-03-28 16:24:38.416 INFO  org.apache.catalina.core.StandardService          :173  [32m                  [0;39m Starting service [Tomcat]
2023-03-28 16:24:38.416 INFO  org.apache.catalina.core.StandardEngine           :173  [32m                  [0;39m Starting Servlet engine: [Apache Tomcat/9.0.55]
2023-03-28 16:24:38.472 INFO  o.a.c.core.ContainerBase.[Tomcat].[localhost].[/] :173  [32m                  [0;39m Initializing Spring embedded WebApplicationContext
2023-03-28 16:24:38.472 INFO  o.s.b.w.s.c.ServletWebServerApplicationContext    :289  [32m                  [0;39m Root WebApplicationContext: initialization completed in 671 ms
2023-03-28 16:24:38.684 INFO  org.apache.coyote.http11.Http11NioProtocol        :173  [32m                  [0;39m Starting ProtocolHandler ["http-nio-8080"]
2023-03-28 16:24:38.701 INFO  o.s.boot.web.embedded.tomcat.TomcatWebServer      :220  [32m                  [0;39m Tomcat started on port(s): 8080 (http) with context path ''
2023-03-28 16:24:38.711 INFO  com.example.wiki.WikiApplication                  :61   [32m                  [0;39m Started WikiApplication in 1.443 seconds (JVM running for 2.555)
2023-03-28 16:35:58.257 INFO  com.example.wiki.WikiApplication                  :55   [32m                  [0;39m Starting WikiApplication using Java 1.8.0_333 on DESKTOP-VQODVT3 with PID 14124 (C:\Users\18501\IdeaProjects\wiki\target\classes started by 18501 in C:\Users\18501\IdeaProjects\wiki)
2023-03-28 16:35:58.260 INFO  com.example.wiki.WikiApplication                  :664  [32m                  [0;39m No active profile set, falling back to default profiles: default
2023-03-28 16:35:58.919 INFO  o.s.boot.web.embedded.tomcat.TomcatWebServer      :108  [32m                  [0;39m Tomcat initialized with port(s): 8880 (http)
2023-03-28 16:35:58.926 INFO  org.apache.coyote.http11.Http11NioProtocol        :173  [32m                  [0;39m Initializing ProtocolHandler ["http-nio-8880"]
2023-03-28 16:35:58.927 INFO  org.apache.catalina.core.StandardService          :173  [32m                  [0;39m Starting service [Tomcat]
2023-03-28 16:35:58.927 INFO  org.apache.catalina.core.StandardEngine           :173  [32m                  [0;39m Starting Servlet engine: [Apache Tomcat/9.0.55]
2023-03-28 16:35:58.989 INFO  o.a.c.core.ContainerBase.[Tomcat].[localhost].[/] :173  [32m                  [0;39m Initializing Spring embedded WebApplicationContext
2023-03-28 16:35:58.989 INFO  o.s.b.w.s.c.ServletWebServerApplicationContext    :289  [32m                  [0;39m Root WebApplicationContext: initialization completed in 683 ms
2023-03-28 16:35:59.212 INFO  org.apache.coyote.http11.Http11NioProtocol        :173  [32m                  [0;39m Starting ProtocolHandler ["http-nio-8880"]
2023-03-28 16:35:59.224 INFO  o.s.boot.web.embedded.tomcat.TomcatWebServer      :220  [32m                  [0;39m Tomcat started on port(s): 8880 (http) with context path ''
2023-03-28 16:35:59.231 INFO  com.example.wiki.WikiApplication                  :61   [32m                  [0;39m Started WikiApplication in 1.446 seconds (JVM running for 2.495)
2023-03-28 16:35:59.232 INFO  com.example.wiki.WikiApplication                  :20   [32m                  [0;39m 启动成功！！
2023-03-28 16:35:59.233 INFO  com.example.wiki.WikiApplication                  :21   [32m                  [0;39m 地址：	http://127.0.0.1:8880
2023-03-28 16:42:41.885 INFO  com.example.wiki.WikiApplication                  :55   [32m                  [0;39m Starting WikiApplication using Java 1.8.0_333 on DESKTOP-VQODVT3 with PID 16524 (C:\Users\18501\IdeaProjects\wiki\target\classes started by 18501 in C:\Users\18501\IdeaProjects\wiki)
2023-03-28 16:42:41.889 INFO  com.example.wiki.WikiApplication                  :664  [32m                  [0;39m No active profile set, falling back to default profiles: default
2023-03-28 16:42:42.522 INFO  o.s.boot.web.embedded.tomcat.TomcatWebServer      :108  [32m                  [0;39m Tomcat initialized with port(s): 8880 (http)
2023-03-28 16:42:42.529 INFO  org.apache.coyote.http11.Http11NioProtocol        :173  [32m                  [0;39m Initializing ProtocolHandler ["http-nio-8880"]
2023-03-28 16:42:42.529 INFO  org.apache.catalina.core.StandardService          :173  [32m                  [0;39m Starting service [Tomcat]
2023-03-28 16:42:42.529 INFO  org.apache.catalina.core.StandardEngine           :173  [32m                  [0;39m Starting Servlet engine: [Apache Tomcat/9.0.55]
2023-03-28 16:42:42.597 INFO  o.a.c.core.ContainerBase.[Tomcat].[localhost].[/] :173  [32m                  [0;39m Initializing Spring embedded WebApplicationContext
2023-03-28 16:42:42.597 INFO  o.s.b.w.s.c.ServletWebServerApplicationContext    :289  [32m                  [0;39m Root WebApplicationContext: initialization completed in 667 ms
2023-03-28 16:42:42.809 INFO  org.apache.coyote.http11.Http11NioProtocol        :173  [32m                  [0;39m Starting ProtocolHandler ["http-nio-8880"]
2023-03-28 16:42:42.821 INFO  o.s.boot.web.embedded.tomcat.TomcatWebServer      :220  [32m                  [0;39m Tomcat started on port(s): 8880 (http) with context path ''
2023-03-28 16:42:42.828 INFO  com.example.wiki.WikiApplication                  :61   [32m                  [0;39m Started WikiApplication in 1.39 seconds (JVM running for 2.436)
2023-03-28 16:42:42.830 INFO  com.example.wiki.WikiApplication                  :20   [32m                  [0;39m 启动成功！！
2023-03-28 16:42:42.830 INFO  com.example.wiki.WikiApplication                  :21   [32m                  [0;39m 地址：	http://127.0.0.1:8880
2023-03-28 16:42:46.628 INFO  o.a.c.core.ContainerBase.[Tomcat].[localhost].[/] :173  [32m                  [0;39m Initializing Spring DispatcherServlet 'dispatcherServlet'
2023-03-28 16:42:46.629 INFO  org.springframework.web.servlet.DispatcherServlet :525  [32m                  [0;39m Initializing Servlet 'dispatcherServlet'
2023-03-28 16:42:46.630 INFO  org.springframework.web.servlet.DispatcherServlet :547  [32m                  [0;39m Completed initialization in 1 ms
2023-03-28 17:15:26.991 INFO  com.example.wiki.WikiApplication                  :55   [32m                  [0;39m Starting WikiApplication using Java 1.8.0_333 on DESKTOP-VQODVT3 with PID 11956 (C:\Users\18501\IdeaProjects\wiki\target\classes started by 18501 in C:\Users\18501\IdeaProjects\wiki)
2023-03-28 17:15:26.995 INFO  com.example.wiki.WikiApplication                  :664  [32m                  [0;39m No active profile set, falling back to default profiles: default
2023-03-28 17:15:27.642 INFO  o.s.boot.web.embedded.tomcat.TomcatWebServer      :108  [32m                  [0;39m Tomcat initialized with port(s): 8880 (http)
2023-03-28 17:15:27.648 INFO  org.apache.coyote.http11.Http11NioProtocol        :173  [32m                  [0;39m Initializing ProtocolHandler ["http-nio-8880"]
2023-03-28 17:15:27.649 INFO  org.apache.catalina.core.StandardService          :173  [32m                  [0;39m Starting service [Tomcat]
2023-03-28 17:15:27.649 INFO  org.apache.catalina.core.StandardEngine           :173  [32m                  [0;39m Starting Servlet engine: [Apache Tomcat/9.0.55]
2023-03-28 17:15:27.706 INFO  o.a.c.core.ContainerBase.[Tomcat].[localhost].[/] :173  [32m                  [0;39m Initializing Spring embedded WebApplicationContext
2023-03-28 17:15:27.706 INFO  o.s.b.w.s.c.ServletWebServerApplicationContext    :289  [32m                  [0;39m Root WebApplicationContext: initialization completed in 663 ms
2023-03-28 17:15:27.923 INFO  org.apache.coyote.http11.Http11NioProtocol        :173  [32m                  [0;39m Starting ProtocolHandler ["http-nio-8880"]
2023-03-28 17:15:27.938 INFO  o.s.boot.web.embedded.tomcat.TomcatWebServer      :220  [32m                  [0;39m Tomcat started on port(s): 8880 (http) with context path ''
2023-03-28 17:15:27.946 INFO  com.example.wiki.WikiApplication                  :61   [32m                  [0;39m Started WikiApplication in 1.422 seconds (JVM running for 2.656)
2023-03-28 17:15:27.948 INFO  com.example.wiki.WikiApplication                  :20   [32m                  [0;39m 启动成功！！
2023-03-28 17:15:27.949 INFO  com.example.wiki.WikiApplication                  :21   [32m                  [0;39m 地址：	http://127.0.0.1:8880
2023-03-28 17:15:34.673 INFO  o.a.c.core.ContainerBase.[Tomcat].[localhost].[/] :173  [32m                  [0;39m Initializing Spring DispatcherServlet 'dispatcherServlet'
2023-03-28 17:15:34.674 INFO  org.springframework.web.servlet.DispatcherServlet :525  [32m                  [0;39m Initializing Servlet 'dispatcherServlet'
2023-03-28 17:15:34.674 INFO  org.springframework.web.servlet.DispatcherServlet :547  [32m                  [0;39m Completed initialization in 0 ms
2023-03-28 17:17:54.367 INFO  com.example.wiki.WikiApplication                  :55   [32m                  [0;39m Starting WikiApplication using Java 1.8.0_333 on DESKTOP-VQODVT3 with PID 14124 (C:\Users\18501\IdeaProjects\wiki\target\classes started by 18501 in C:\Users\18501\IdeaProjects\wiki)
2023-03-28 17:17:54.370 INFO  com.example.wiki.WikiApplication                  :664  [32m                  [0;39m No active profile set, falling back to default profiles: default
2023-03-28 17:17:55.024 INFO  o.s.boot.web.embedded.tomcat.TomcatWebServer      :108  [32m                  [0;39m Tomcat initialized with port(s): 8880 (http)
2023-03-28 17:17:55.031 INFO  org.apache.coyote.http11.Http11NioProtocol        :173  [32m                  [0;39m Initializing ProtocolHandler ["http-nio-8880"]
2023-03-28 17:17:55.032 INFO  org.apache.catalina.core.StandardService          :173  [32m                  [0;39m Starting service [Tomcat]
2023-03-28 17:17:55.032 INFO  org.apache.catalina.core.StandardEngine           :173  [32m                  [0;39m Starting Servlet engine: [Apache Tomcat/9.0.55]
2023-03-28 17:17:55.107 INFO  o.a.c.core.ContainerBase.[Tomcat].[localhost].[/] :173  [32m                  [0;39m Initializing Spring embedded WebApplicationContext
2023-03-28 17:17:55.108 INFO  o.s.b.w.s.c.ServletWebServerApplicationContext    :289  [32m                  [0;39m Root WebApplicationContext: initialization completed in 689 ms
2023-03-28 17:17:55.329 INFO  org.apache.coyote.http11.Http11NioProtocol        :173  [32m                  [0;39m Starting ProtocolHandler ["http-nio-8880"]
2023-03-28 17:17:55.341 INFO  o.s.boot.web.embedded.tomcat.TomcatWebServer      :220  [32m                  [0;39m Tomcat started on port(s): 8880 (http) with context path ''
2023-03-28 17:17:55.348 INFO  com.example.wiki.WikiApplication                  :61   [32m                  [0;39m Started WikiApplication in 1.457 seconds (JVM running for 2.492)
2023-03-28 17:17:55.350 INFO  com.example.wiki.WikiApplication                  :20   [32m                  [0;39m 启动成功！！
2023-03-28 17:17:55.350 INFO  com.example.wiki.WikiApplication                  :21   [32m                  [0;39m 地址：	http://127.0.0.1:8880
2023-03-28 17:18:05.013 INFO  o.a.c.core.ContainerBase.[Tomcat].[localhost].[/] :173  [32m                  [0;39m Initializing Spring DispatcherServlet 'dispatcherServlet'
2023-03-28 17:18:05.014 INFO  org.springframework.web.servlet.DispatcherServlet :525  [32m                  [0;39m Initializing Servlet 'dispatcherServlet'
2023-03-28 17:18:05.015 INFO  org.springframework.web.servlet.DispatcherServlet :547  [32m                  [0;39m Completed initialization in 1 ms
